<?xml version="1.0" encoding="UTF-8" ?>
<testsuite tests="4" failures="0" name="CucumberJava.RunTest" time="82.155" errors="0" skipped="0">
  <properties>
[...]
</properties>
  <testcase classname="Beer cans" name="Logging" time="18.637"/>
  <testcase classname="Beer cans" name="Logging in with invalid credentials" time="22.705"/>
  <testcase classname="Registering a new user" name="User registers with valid data" time="16.033"/>
  <testcase classname="Add new item to the cart" name="Add new item to the cart" time="24.78"/>
</testsuite>